# JRE version: OpenJDK Runtime Environment Corretto-11.0.19.7.1 (11.0.19+7) (build 11.0.19+7-LTS)
# Java VM: OpenJDK 64-Bit Server VM Corretto-11.0.19.7.1 (11.0.19+7-LTS, mixed mode, tiered, compressed oops, g1 gc, windows-amd64)
Heap:
 garbage-first heap   total 258048K, used 85216K [0x0000000704000000, 0x0000000800000000)
  region size 1024K, 33 young (33792K), 9 survivors (9216K)
 Metaspace       used 45338K, capacity 47404K, committed 47616K, reserved 1091584K
  class space    used 5525K, capacity 6365K, committed 6400K, reserved 1048576K
GC Heap History (12 events):
Event: 0.478 GC heap before
{Heap before GC invocations=0 (full 0):
 garbage-first heap   total 258048K, used 23552K [0x0000000704000000, 0x0000000800000000)
  region size 1024K, 24 young (24576K), 0 survivors (0K)
 Metaspace       used 7543K, capacity 7738K, committed 7936K, reserved 1056768K
  class space    used 663K, capacity 727K, committed 768K, reserved 1048576K
}
Event: 0.480 GC heap after
{Heap after GC invocations=1 (full 0):
 garbage-first heap   total 258048K, used 1801K [0x0000000704000000, 0x0000000800000000)
  region size 1024K, 2 young (2048K), 2 survivors (2048K)
 Metaspace       used 7543K, capacity 7738K, committed 7936K, reserved 1056768K
  class space    used 663K, capacity 727K, committed 768K, reserved 1048576K
}
Event: 1.612 GC heap before
{Heap before GC invocations=1 (full 0):
 garbage-first heap   total 258048K, used 57097K [0x0000000704000000, 0x0000000800000000)
  region size 1024K, 53 young (54272K), 2 survivors (2048K)
 Metaspace       used 20573K, capacity 21176K, committed 21248K, reserved 1067008K
  class space    used 2497K, capacity 2793K, committed 2816K, reserved 1048576K
}
Event: 1.624 GC heap after
{Heap after GC invocations=2 (full 0):
 garbage-first heap   total 258048K, used 12019K [0x0000000704000000, 0x0000000800000000)
  region size 1024K, 8 young (8192K), 8 survivors (8192K)
 Metaspace       used 20573K, capacity 21176K, committed 21248K, reserved 1067008K
  class space    used 2497K, capacity 2793K, committed 2816K, reserved 1048576K
}
Event: 8.233 GC heap before
{Heap before GC invocations=3 (full 0):
 garbage-first heap   total 258048K, used 67315K [0x0000000704000000, 0x0000000800000000)
  region size 1024K, 60 young (61440K), 8 survivors (8192K)
 Metaspace       used 34678K, capacity 35741K, committed 35840K, reserved 1081344K
  class space    used 4207K, capacity 4691K, committed 4736K, reserved 1048576K
}
Event: 8.244 GC heap after
{Heap after GC invocations=4 (full 0):
 garbage-first heap   total 258048K, used 20122K [0x0000000704000000, 0x0000000800000000)
  region size 1024K, 6 young (6144K), 6 survivors (6144K)
 Metaspace       used 34678K, capacity 35741K, committed 35840K, reserved 1081344K
  class space    used 4207K, capacity 4691K, committed 4736K, reserved 1048576K
}
Event: 10.643 GC heap before
{Heap before GC invocations=5 (full 0):
 garbage-first heap   total 258048K, used 85658K [0x0000000704000000, 0x0000000800000000)
  region size 1024K, 70 young (71680K), 6 survivors (6144K)
 Metaspace       used 41226K, capacity 43020K, committed 43136K, reserved 1087488K
  class space    used 5197K, capacity 5939K, committed 6016K, reserved 1048576K
}
Event: 10.656 GC heap after
{Heap after GC invocations=6 (full 0):
 garbage-first heap   total 258048K, used 33498K [0x0000000704000000, 0x0000000800000000)
  region size 1024K, 9 young (9216K), 9 survivors (9216K)
 Metaspace       used 41226K, capacity 43020K, committed 43136K, reserved 1087488K
  class space    used 5197K, capacity 5939K, committed 6016K, reserved 1048576K
}
Event: 20.334 GC heap before
{Heap before GC invocations=6 (full 0):
 garbage-first heap   total 258048K, used 93914K [0x0000000704000000, 0x0000000800000000)
  region size 1024K, 62 young (63488K), 9 survivors (9216K)
 Metaspace       used 43752K, capacity 45656K, committed 45952K, reserved 1089536K
  class space    used 5394K, capacity 6194K, committed 6272K, reserved 1048576K
}
Event: 20.347 GC heap after
{Heap after GC invocations=7 (full 0):
 garbage-first heap   total 258048K, used 51459K [0x0000000704000000, 0x0000000800000000)
  region size 1024K, 8 young (8192K), 8 survivors (8192K)
 Metaspace       used 43752K, capacity 45656K, committed 45952K, reserved 1089536K
  class space    used 5394K, capacity 6194K, committed 6272K, reserved 1048576K
}
Event: 57.901 GC heap before
{Heap before GC invocations=7 (full 0):
 garbage-first heap   total 258048K, used 120067K [0x0000000704000000, 0x0000000800000000)
  region size 1024K, 75 young (76800K), 8 survivors (8192K)
 Metaspace       used 45108K, capacity 47098K, committed 47360K, reserved 1089536K
  class space    used 5517K, capacity 6355K, committed 6400K, reserved 1048576K
}
Event: 57.913 GC heap after
{Heap after GC invocations=8 (full 0):
 garbage-first heap   total 258048K, used 61664K [0x0000000704000000, 0x0000000800000000)
  region size 1024K, 9 young (9216K), 9 survivors (9216K)
 Metaspace       used 45108K, capacity 47098K, committed 47360K, reserved 1089536K
  class space    used 5517K, capacity 6355K, committed 6400K, reserved 1048576K
}

